
> @steady-state/web@0.1.0 build C:\Users\USER\Desktop\saas projects\uptime_and_cron\apps\web
> next build

▲ Next.js 16.2.6 (Turbopack)
⚠ The "middleware" file convention is deprecated. Please use "proxy" instead. Learn more: https://nextjs.org/docs/messages/middleware-to-proxy
- Environments: .env

  Creating an optimized production build ...
Turbopack build encountered 1 warnings:
./apps/web/next.config.mjs
Encountered unexpected file in NFT list
A file was traced that indicates that the whole project was traced unintentionally. Somewhere in the import trace below, there are:
- filesystem operations (like path.join, path.resolve or fs.readFile), or
- very dynamic requires (like require('./' + foo)).
To resolve this, you can
- remove them if possible, or
- only use them in development, or
- make sure they are statically scoped to some subfolder: path.join(process.cwd(), 'data', bar), or
- add ignore comments: path.join(/*turbopackIgnore: true*/ process.cwd(), bar)

Import trace:
  App Route:
    ./apps/web/next.config.mjs
    ./packages/db/index.ts
    ./apps/web/app/api/monitors/route.ts


✓ Compiled successfully in 23.1s
  Running TypeScript ...
  Finished TypeScript in 15.0s ...
  Collecting page data using 3 workers ...
  Generating static pages using 3 workers (0/11) ...
  Generating static pages using 3 workers (2/11) 
  Generating static pages using 3 workers (5/11) 
  Generating static pages using 3 workers (8/11) 
✓ Generating static pages using 3 workers (11/11) in 792ms
  Finalizing page optimization ...

Route (app)
┌ ƒ /
├ ○ /_not-found
├ ƒ /[workspaceId]/alerts
├ ƒ /[workspaceId]/dashboard
├ ƒ /[workspaceId]/heartbeats
├ ƒ /[workspaceId]/heartbeats/[id]
├ ƒ /[workspaceId]/heartbeats/[id]/edit
├ ƒ /[workspaceId]/heartbeats/new
├ ƒ /[workspaceId]/incidents
├ ƒ /[workspaceId]/integrations
├ ƒ /[workspaceId]/maintenance
├ ƒ /[workspaceId]/monitors
├ ƒ /[workspaceId]/monitors/[id]
├ ƒ /[workspaceId]/monitors/[id]/edit
├ ƒ /[workspaceId]/monitors/new
├ ƒ /[workspaceId]/settings
├ ƒ /[workspaceId]/status-pages
├ ƒ /[workspaceId]/team
├ ƒ /api/environments
├ ƒ /api/environments/[id]
├ ƒ /api/heartbeats
├ ƒ /api/heartbeats/[id]
├ ƒ /api/monitors
├ ƒ /api/monitors/[id]
├ ƒ /api/ping/[token]
├ ƒ /api/settings
├ ƒ /api/settings/slack/test
├ ƒ /api/settings/telegram/test
├ ƒ /api/webhooks/clerk
├ ƒ /dashboard
├ ƒ /sign-in/[[...sign-in]]
└ ƒ /sign-up/[[...sign-up]]


ƒ Proxy (Middleware)

○  (Static)   prerendered as static content
ƒ  (Dynamic)  server-rendered on demand

